<?xml version="1.0" encoding="UTF-8"?>
<coverage generated="1646233805154" clover="3.2.0">
  <project timestamp="1646233805155" name="All files">
    <metrics statements="53" coveredstatements="50" conditionals="36" coveredconditionals="29" methods="6" coveredmethods="6" elements="95" coveredelements="85" complexity="0" loc="53" ncloc="53" packages="1" files="1" classes="1"/>
    <file name="rover.js" path="D:\1\New folder\marsRover\src\rover.js">
      <metrics statements="53" coveredstatements="50" conditionals="36" coveredconditionals="29" methods="6" coveredmethods="6"/>
      <line num="1" count="1" type="stmt"/>
      <line num="3" count="12" type="stmt"/>
      <line num="4" count="12" type="stmt"/>
      <line num="9" count="12" type="stmt"/>
      <line num="10" count="12" type="stmt"/>
      <line num="11" count="12" type="stmt"/>
      <line num="15" count="6" type="stmt"/>
      <line num="19" count="6" type="stmt"/>
      <line num="20" count="40" type="stmt"/>
      <line num="21" count="40" type="cond" truecount="4" falsecount="0"/>
      <line num="22" count="29" type="stmt"/>
      <line num="23" count="11" type="cond" truecount="3" falsecount="1"/>
      <line num="24" count="11" type="stmt"/>
      <line num="27" count="6" type="stmt"/>
      <line num="28" count="6" type="stmt"/>
      <line num="29" count="6" type="stmt"/>
      <line num="33" count="15" type="stmt"/>
      <line num="34" count="15" type="cond" truecount="2" falsecount="0"/>
      <line num="36" count="7" type="stmt"/>
      <line num="37" count="8" type="cond" truecount="2" falsecount="0"/>
      <line num="39" count="6" type="stmt"/>
      <line num="41" count="15" type="stmt"/>
      <line num="45" count="31" type="cond" truecount="2" falsecount="0"/>
      <line num="47" count="28" type="stmt"/>
      <line num="48" count="28" type="stmt"/>
      <line num="49" count="28" type="cond" truecount="2" falsecount="0"/>
      <line num="50" count="11" type="stmt"/>
      <line num="51" count="17" type="cond" truecount="2" falsecount="0"/>
      <line num="52" count="11" type="stmt"/>
      <line num="53" count="6" type="cond" truecount="1" falsecount="1"/>
      <line num="54" count="0" type="stmt"/>
      <line num="55" count="6" type="cond" truecount="1" falsecount="1"/>
      <line num="56" count="6" type="stmt"/>
      <line num="58" count="3" type="cond" truecount="1" falsecount="1"/>
      <line num="60" count="3" type="stmt"/>
      <line num="61" count="3" type="stmt"/>
      <line num="62" count="3" type="cond" truecount="1" falsecount="1"/>
      <line num="63" count="0" type="stmt"/>
      <line num="64" count="3" type="cond" truecount="2" falsecount="0"/>
      <line num="65" count="1" type="stmt"/>
      <line num="66" count="2" type="cond" truecount="1" falsecount="1"/>
      <line num="67" count="0" type="stmt"/>
      <line num="68" count="2" type="cond" truecount="1" falsecount="1"/>
      <line num="69" count="2" type="stmt"/>
      <line num="73" count="31" type="stmt"/>
      <line num="74" count="31" type="cond" truecount="2" falsecount="0"/>
      <line num="75" count="3" type="stmt"/>
      <line num="76" count="3" type="stmt"/>
      <line num="78" count="28" type="stmt"/>
      <line num="82" count="31" type="stmt"/>
      <line num="83" count="92" type="cond" truecount="2" falsecount="0"/>
      <line num="84" count="3" type="stmt"/>
      <line num="87" count="28" type="stmt"/>
    </file>
  </project>
</coverage>
