<?xml version="1.0" encoding="UTF-8"?>
<coverage generated="1646217434079" clover="3.2.0">
  <project timestamp="1646217434079" name="All files">
    <metrics statements="50" coveredstatements="47" conditionals="36" coveredconditionals="29" methods="6" coveredmethods="6" elements="92" coveredelements="82" complexity="0" loc="50" ncloc="50" packages="1" files="1" classes="1"/>
    <file name="rover.js" path="D:\1\New folder\marsRover\src\rover.js">
      <metrics statements="50" coveredstatements="47" conditionals="36" coveredconditionals="29" methods="6" coveredmethods="6"/>
      <line num="1" count="1" type="stmt"/>
      <line num="3" count="9" type="stmt"/>
      <line num="4" count="9" type="stmt"/>
      <line num="9" count="9" type="stmt"/>
      <line num="10" count="9" type="stmt"/>
      <line num="11" count="9" type="stmt"/>
      <line num="15" count="3" type="stmt"/>
      <line num="19" count="3" type="stmt"/>
      <line num="20" count="20" type="stmt"/>
      <line num="21" count="20" type="cond" truecount="4" falsecount="0"/>
      <line num="22" count="14" type="stmt"/>
      <line num="23" count="6" type="cond" truecount="3" falsecount="1"/>
      <line num="24" count="6" type="stmt"/>
      <line num="30" count="10" type="stmt"/>
      <line num="31" count="10" type="cond" truecount="2" falsecount="0"/>
      <line num="32" count="5" type="stmt"/>
      <line num="33" count="5" type="cond" truecount="2" falsecount="0"/>
      <line num="34" count="3" type="stmt"/>
      <line num="36" count="10" type="stmt"/>
      <line num="40" count="16" type="cond" truecount="2" falsecount="0"/>
      <line num="42" count="13" type="stmt"/>
      <line num="43" count="13" type="stmt"/>
      <line num="44" count="13" type="cond" truecount="2" falsecount="0"/>
      <line num="45" count="5" type="stmt"/>
      <line num="46" count="8" type="cond" truecount="2" falsecount="0"/>
      <line num="47" count="2" type="stmt"/>
      <line num="48" count="6" type="cond" truecount="1" falsecount="1"/>
      <line num="49" count="0" type="stmt"/>
      <line num="50" count="6" type="cond" truecount="1" falsecount="1"/>
      <line num="51" count="6" type="stmt"/>
      <line num="53" count="3" type="cond" truecount="1" falsecount="1"/>
      <line num="55" count="3" type="stmt"/>
      <line num="56" count="3" type="stmt"/>
      <line num="57" count="3" type="cond" truecount="1" falsecount="1"/>
      <line num="58" count="0" type="stmt"/>
      <line num="59" count="3" type="cond" truecount="2" falsecount="0"/>
      <line num="60" count="1" type="stmt"/>
      <line num="61" count="2" type="cond" truecount="1" falsecount="1"/>
      <line num="62" count="0" type="stmt"/>
      <line num="63" count="2" type="cond" truecount="1" falsecount="1"/>
      <line num="64" count="2" type="stmt"/>
      <line num="68" count="16" type="stmt"/>
      <line num="69" count="16" type="cond" truecount="2" falsecount="0"/>
      <line num="70" count="2" type="stmt"/>
      <line num="71" count="2" type="stmt"/>
      <line num="73" count="14" type="stmt"/>
      <line num="77" count="16" type="stmt"/>
      <line num="78" count="48" type="cond" truecount="2" falsecount="0"/>
      <line num="79" count="2" type="stmt"/>
      <line num="82" count="14" type="stmt"/>
    </file>
  </project>
</coverage>
