{"D:\\1\\New folder\\marsRover\\src\\rover.js": {"path":"D:\\1\\New folder\\marsRover\\src\\rover.js","statementMap":{"0":{"start":{"line":1,"column":0},"end":{"line":89,"column":2}},"1":{"start":{"line":3,"column":4},"end":{"line":3,"column":57}},"2":{"start":{"line":4,"column":4},"end":{"line":8,"column":6}},"3":{"start":{"line":9,"column":4},"end":{"line":9,"column":21}},"4":{"start":{"line":10,"column":4},"end":{"line":10,"column":43}},"5":{"start":{"line":11,"column":4},"end":{"line":11,"column":25}},"6":{"start":{"line":15,"column":4},"end":{"line":15,"column":25}},"7":{"start":{"line":19,"column":4},"end":{"line":26,"column":5}},"8":{"start":{"line":19,"column":17},"end":{"line":19,"column":18}},"9":{"start":{"line":20,"column":20},"end":{"line":20,"column":32}},"10":{"start":{"line":21,"column":6},"end":{"line":25,"column":7}},"11":{"start":{"line":22,"column":8},"end":{"line":22,"column":27}},"12":{"start":{"line":23,"column":13},"end":{"line":25,"column":7}},"13":{"start":{"line":24,"column":8},"end":{"line":24,"column":27}},"14":{"start":{"line":27,"column":22},"end":{"line":27,"column":38}},"15":{"start":{"line":28,"column":22},"end":{"line":28,"column":38}},"16":{"start":{"line":29,"column":4},"end":{"line":29,"column":67}},"17":{"start":{"line":33,"column":24},"end":{"line":33,"column":60}},"18":{"start":{"line":34,"column":4},"end":{"line":40,"column":5}},"19":{"start":{"line":36,"column":6},"end":{"line":36,"column":50}},"20":{"start":{"line":37,"column":11},"end":{"line":40,"column":5}},"21":{"start":{"line":39,"column":6},"end":{"line":39,"column":46}},"22":{"start":{"line":41,"column":4},"end":{"line":41,"column":49}},"23":{"start":{"line":45,"column":4},"end":{"line":71,"column":5}},"24":{"start":{"line":47,"column":24},"end":{"line":47,"column":40}},"25":{"start":{"line":48,"column":24},"end":{"line":48,"column":40}},"26":{"start":{"line":49,"column":6},"end":{"line":57,"column":7}},"27":{"start":{"line":50,"column":8},"end":{"line":50,"column":22}},"28":{"start":{"line":51,"column":13},"end":{"line":57,"column":7}},"29":{"start":{"line":52,"column":8},"end":{"line":52,"column":22}},"30":{"start":{"line":53,"column":13},"end":{"line":57,"column":7}},"31":{"start":{"line":54,"column":8},"end":{"line":54,"column":22}},"32":{"start":{"line":55,"column":13},"end":{"line":57,"column":7}},"33":{"start":{"line":56,"column":8},"end":{"line":56,"column":22}},"34":{"start":{"line":58,"column":11},"end":{"line":71,"column":5}},"35":{"start":{"line":60,"column":24},"end":{"line":60,"column":40}},"36":{"start":{"line":61,"column":24},"end":{"line":61,"column":40}},"37":{"start":{"line":62,"column":6},"end":{"line":70,"column":7}},"38":{"start":{"line":63,"column":8},"end":{"line":63,"column":22}},"39":{"start":{"line":64,"column":13},"end":{"line":70,"column":7}},"40":{"start":{"line":65,"column":8},"end":{"line":65,"column":22}},"41":{"start":{"line":66,"column":13},"end":{"line":70,"column":7}},"42":{"start":{"line":67,"column":8},"end":{"line":67,"column":22}},"43":{"start":{"line":68,"column":13},"end":{"line":70,"column":7}},"44":{"start":{"line":69,"column":8},"end":{"line":69,"column":22}},"45":{"start":{"line":73,"column":22},"end":{"line":73,"column":48}},"46":{"start":{"line":74,"column":4},"end":{"line":77,"column":5}},"47":{"start":{"line":75,"column":6},"end":{"line":75,"column":77}},"48":{"start":{"line":76,"column":6},"end":{"line":76,"column":19}},"49":{"start":{"line":78,"column":4},"end":{"line":78,"column":47}},"50":{"start":{"line":82,"column":4},"end":{"line":86,"column":5}},"51":{"start":{"line":82,"column":17},"end":{"line":82,"column":18}},"52":{"start":{"line":83,"column":6},"end":{"line":85,"column":7}},"53":{"start":{"line":84,"column":8},"end":{"line":84,"column":20}},"54":{"start":{"line":87,"column":4},"end":{"line":87,"column":17}}},"fnMap":{"0":{"name":"(anonymous_0)","decl":{"start":{"line":2,"column":2},"end":{"line":2,"column":3}},"loc":{"start":{"line":2,"column":44},"end":{"line":12,"column":3}},"line":2},"1":{"name":"(anonymous_1)","decl":{"start":{"line":14,"column":2},"end":{"line":14,"column":3}},"loc":{"start":{"line":14,"column":20},"end":{"line":16,"column":3}},"line":14},"2":{"name":"(anonymous_2)","decl":{"start":{"line":18,"column":2},"end":{"line":18,"column":3}},"loc":{"start":{"line":18,"column":15},"end":{"line":30,"column":3}},"line":18},"3":{"name":"(anonymous_3)","decl":{"start":{"line":32,"column":2},"end":{"line":32,"column":3}},"loc":{"start":{"line":32,"column":16},"end":{"line":42,"column":3}},"line":32},"4":{"name":"(anonymous_4)","decl":{"start":{"line":44,"column":2},"end":{"line":44,"column":3}},"loc":{"start":{"line":44,"column":16},"end":{"line":79,"column":3}},"line":44},"5":{"name":"(anonymous_5)","decl":{"start":{"line":81,"column":2},"end":{"line":81,"column":3}},"loc":{"start":{"line":81,"column":26},"end":{"line":88,"column":3}},"line":81}},"branchMap":{"0":{"loc":{"start":{"line":21,"column":6},"end":{"line":25,"column":7}},"type":"if","locations":[{"start":{"line":21,"column":6},"end":{"line":25,"column":7}},{"start":{"line":23,"column":13},"end":{"line":25,"column":7}}],"line":21},"1":{"loc":{"start":{"line":21,"column":10},"end":{"line":21,"column":42}},"type":"binary-expr","locations":[{"start":{"line":21,"column":10},"end":{"line":21,"column":24}},{"start":{"line":21,"column":28},"end":{"line":21,"column":42}}],"line":21},"2":{"loc":{"start":{"line":23,"column":13},"end":{"line":25,"column":7}},"type":"if","locations":[{"start":{"line":23,"column":13},"end":{"line":25,"column":7}},{"start":{},"end":{}}],"line":23},"3":{"loc":{"start":{"line":23,"column":17},"end":{"line":23,"column":49}},"type":"binary-expr","locations":[{"start":{"line":23,"column":17},"end":{"line":23,"column":31}},{"start":{"line":23,"column":35},"end":{"line":23,"column":49}}],"line":23},"4":{"loc":{"start":{"line":34,"column":4},"end":{"line":40,"column":5}},"type":"if","locations":[{"start":{"line":34,"column":4},"end":{"line":40,"column":5}},{"start":{"line":37,"column":11},"end":{"line":40,"column":5}}],"line":34},"5":{"loc":{"start":{"line":37,"column":11},"end":{"line":40,"column":5}},"type":"if","locations":[{"start":{"line":37,"column":11},"end":{"line":40,"column":5}},{"start":{},"end":{}}],"line":37},"6":{"loc":{"start":{"line":45,"column":4},"end":{"line":71,"column":5}},"type":"if","locations":[{"start":{"line":45,"column":4},"end":{"line":71,"column":5}},{"start":{"line":58,"column":11},"end":{"line":71,"column":5}}],"line":45},"7":{"loc":{"start":{"line":49,"column":6},"end":{"line":57,"column":7}},"type":"if","locations":[{"start":{"line":49,"column":6},"end":{"line":57,"column":7}},{"start":{"line":51,"column":13},"end":{"line":57,"column":7}}],"line":49},"8":{"loc":{"start":{"line":51,"column":13},"end":{"line":57,"column":7}},"type":"if","locations":[{"start":{"line":51,"column":13},"end":{"line":57,"column":7}},{"start":{"line":53,"column":13},"end":{"line":57,"column":7}}],"line":51},"9":{"loc":{"start":{"line":53,"column":13},"end":{"line":57,"column":7}},"type":"if","locations":[{"start":{"line":53,"column":13},"end":{"line":57,"column":7}},{"start":{"line":55,"column":13},"end":{"line":57,"column":7}}],"line":53},"10":{"loc":{"start":{"line":55,"column":13},"end":{"line":57,"column":7}},"type":"if","locations":[{"start":{"line":55,"column":13},"end":{"line":57,"column":7}},{"start":{},"end":{}}],"line":55},"11":{"loc":{"start":{"line":58,"column":11},"end":{"line":71,"column":5}},"type":"if","locations":[{"start":{"line":58,"column":11},"end":{"line":71,"column":5}},{"start":{},"end":{}}],"line":58},"12":{"loc":{"start":{"line":62,"column":6},"end":{"line":70,"column":7}},"type":"if","locations":[{"start":{"line":62,"column":6},"end":{"line":70,"column":7}},{"start":{"line":64,"column":13},"end":{"line":70,"column":7}}],"line":62},"13":{"loc":{"start":{"line":64,"column":13},"end":{"line":70,"column":7}},"type":"if","locations":[{"start":{"line":64,"column":13},"end":{"line":70,"column":7}},{"start":{"line":66,"column":13},"end":{"line":70,"column":7}}],"line":64},"14":{"loc":{"start":{"line":66,"column":13},"end":{"line":70,"column":7}},"type":"if","locations":[{"start":{"line":66,"column":13},"end":{"line":70,"column":7}},{"start":{"line":68,"column":13},"end":{"line":70,"column":7}}],"line":66},"15":{"loc":{"start":{"line":68,"column":13},"end":{"line":70,"column":7}},"type":"if","locations":[{"start":{"line":68,"column":13},"end":{"line":70,"column":7}},{"start":{},"end":{}}],"line":68},"16":{"loc":{"start":{"line":74,"column":4},"end":{"line":77,"column":5}},"type":"if","locations":[{"start":{"line":74,"column":4},"end":{"line":77,"column":5}},{"start":{},"end":{}}],"line":74},"17":{"loc":{"start":{"line":83,"column":6},"end":{"line":85,"column":7}},"type":"if","locations":[{"start":{"line":83,"column":6},"end":{"line":85,"column":7}},{"start":{},"end":{}}],"line":83}},"s":{"0":1,"1":12,"2":12,"3":12,"4":12,"5":12,"6":6,"7":6,"8":6,"9":40,"10":40,"11":29,"12":11,"13":11,"14":6,"15":6,"16":6,"17":15,"18":15,"19":7,"20":8,"21":6,"22":15,"23":31,"24":28,"25":28,"26":28,"27":11,"28":17,"29":11,"30":6,"31":0,"32":6,"33":6,"34":3,"35":3,"36":3,"37":3,"38":0,"39":3,"40":1,"41":2,"42":0,"43":2,"44":2,"45":31,"46":31,"47":3,"48":3,"49":28,"50":31,"51":31,"52":92,"53":3,"54":28},"f":{"0":12,"1":6,"2":6,"3":15,"4":31,"5":31},"b":{"0":[29,11],"1":[40,13],"2":[11,0],"3":[11,5],"4":[7,8],"5":[6,2],"6":[28,3],"7":[11,17],"8":[11,6],"9":[0,6],"10":[6,0],"11":[3,0],"12":[0,3],"13":[1,2],"14":[0,2],"15":[2,0],"16":[3,28],"17":[3,89]},"_coverageSchema":"1a1c01bbd47fc00a2c39e90264f33305004495a9","hash":"6480cdef9f16e38c29376803f64b030d432cea93"}
}
