{"D:\\1\\New folder\\marsRover\\src\\rover.js": {"path":"D:\\1\\New folder\\marsRover\\src\\rover.js","statementMap":{"0":{"start":{"line":1,"column":0},"end":{"line":84,"column":2}},"1":{"start":{"line":3,"column":4},"end":{"line":3,"column":57}},"2":{"start":{"line":4,"column":4},"end":{"line":8,"column":6}},"3":{"start":{"line":9,"column":4},"end":{"line":9,"column":21}},"4":{"start":{"line":10,"column":4},"end":{"line":10,"column":43}},"5":{"start":{"line":11,"column":4},"end":{"line":11,"column":25}},"6":{"start":{"line":15,"column":4},"end":{"line":15,"column":25}},"7":{"start":{"line":19,"column":4},"end":{"line":26,"column":5}},"8":{"start":{"line":19,"column":17},"end":{"line":19,"column":18}},"9":{"start":{"line":20,"column":20},"end":{"line":20,"column":32}},"10":{"start":{"line":21,"column":6},"end":{"line":25,"column":7}},"11":{"start":{"line":22,"column":8},"end":{"line":22,"column":27}},"12":{"start":{"line":23,"column":13},"end":{"line":25,"column":7}},"13":{"start":{"line":24,"column":8},"end":{"line":24,"column":27}},"14":{"start":{"line":30,"column":24},"end":{"line":30,"column":60}},"15":{"start":{"line":31,"column":4},"end":{"line":35,"column":5}},"16":{"start":{"line":32,"column":6},"end":{"line":32,"column":50}},"17":{"start":{"line":33,"column":11},"end":{"line":35,"column":5}},"18":{"start":{"line":34,"column":6},"end":{"line":34,"column":46}},"19":{"start":{"line":36,"column":4},"end":{"line":36,"column":49}},"20":{"start":{"line":40,"column":4},"end":{"line":66,"column":5}},"21":{"start":{"line":42,"column":24},"end":{"line":42,"column":40}},"22":{"start":{"line":43,"column":24},"end":{"line":43,"column":40}},"23":{"start":{"line":44,"column":6},"end":{"line":52,"column":7}},"24":{"start":{"line":45,"column":8},"end":{"line":45,"column":22}},"25":{"start":{"line":46,"column":13},"end":{"line":52,"column":7}},"26":{"start":{"line":47,"column":8},"end":{"line":47,"column":22}},"27":{"start":{"line":48,"column":13},"end":{"line":52,"column":7}},"28":{"start":{"line":49,"column":8},"end":{"line":49,"column":22}},"29":{"start":{"line":50,"column":13},"end":{"line":52,"column":7}},"30":{"start":{"line":51,"column":8},"end":{"line":51,"column":22}},"31":{"start":{"line":53,"column":11},"end":{"line":66,"column":5}},"32":{"start":{"line":55,"column":24},"end":{"line":55,"column":40}},"33":{"start":{"line":56,"column":24},"end":{"line":56,"column":40}},"34":{"start":{"line":57,"column":6},"end":{"line":65,"column":7}},"35":{"start":{"line":58,"column":8},"end":{"line":58,"column":22}},"36":{"start":{"line":59,"column":13},"end":{"line":65,"column":7}},"37":{"start":{"line":60,"column":8},"end":{"line":60,"column":22}},"38":{"start":{"line":61,"column":13},"end":{"line":65,"column":7}},"39":{"start":{"line":62,"column":8},"end":{"line":62,"column":22}},"40":{"start":{"line":63,"column":13},"end":{"line":65,"column":7}},"41":{"start":{"line":64,"column":8},"end":{"line":64,"column":22}},"42":{"start":{"line":68,"column":22},"end":{"line":68,"column":48}},"43":{"start":{"line":69,"column":4},"end":{"line":72,"column":5}},"44":{"start":{"line":70,"column":6},"end":{"line":70,"column":77}},"45":{"start":{"line":71,"column":6},"end":{"line":71,"column":19}},"46":{"start":{"line":73,"column":4},"end":{"line":73,"column":47}},"47":{"start":{"line":77,"column":4},"end":{"line":81,"column":5}},"48":{"start":{"line":77,"column":17},"end":{"line":77,"column":18}},"49":{"start":{"line":78,"column":6},"end":{"line":80,"column":7}},"50":{"start":{"line":79,"column":8},"end":{"line":79,"column":20}},"51":{"start":{"line":82,"column":4},"end":{"line":82,"column":17}}},"fnMap":{"0":{"name":"(anonymous_0)","decl":{"start":{"line":2,"column":2},"end":{"line":2,"column":3}},"loc":{"start":{"line":2,"column":44},"end":{"line":12,"column":3}},"line":2},"1":{"name":"(anonymous_1)","decl":{"start":{"line":14,"column":2},"end":{"line":14,"column":3}},"loc":{"start":{"line":14,"column":20},"end":{"line":16,"column":3}},"line":14},"2":{"name":"(anonymous_2)","decl":{"start":{"line":18,"column":2},"end":{"line":18,"column":3}},"loc":{"start":{"line":18,"column":15},"end":{"line":27,"column":3}},"line":18},"3":{"name":"(anonymous_3)","decl":{"start":{"line":29,"column":2},"end":{"line":29,"column":3}},"loc":{"start":{"line":29,"column":16},"end":{"line":37,"column":3}},"line":29},"4":{"name":"(anonymous_4)","decl":{"start":{"line":39,"column":2},"end":{"line":39,"column":3}},"loc":{"start":{"line":39,"column":16},"end":{"line":74,"column":3}},"line":39},"5":{"name":"(anonymous_5)","decl":{"start":{"line":76,"column":2},"end":{"line":76,"column":3}},"loc":{"start":{"line":76,"column":26},"end":{"line":83,"column":3}},"line":76}},"branchMap":{"0":{"loc":{"start":{"line":21,"column":6},"end":{"line":25,"column":7}},"type":"if","locations":[{"start":{"line":21,"column":6},"end":{"line":25,"column":7}},{"start":{"line":23,"column":13},"end":{"line":25,"column":7}}],"line":21},"1":{"loc":{"start":{"line":21,"column":10},"end":{"line":21,"column":42}},"type":"binary-expr","locations":[{"start":{"line":21,"column":10},"end":{"line":21,"column":24}},{"start":{"line":21,"column":28},"end":{"line":21,"column":42}}],"line":21},"2":{"loc":{"start":{"line":23,"column":13},"end":{"line":25,"column":7}},"type":"if","locations":[{"start":{"line":23,"column":13},"end":{"line":25,"column":7}},{"start":{},"end":{}}],"line":23},"3":{"loc":{"start":{"line":23,"column":17},"end":{"line":23,"column":49}},"type":"binary-expr","locations":[{"start":{"line":23,"column":17},"end":{"line":23,"column":31}},{"start":{"line":23,"column":35},"end":{"line":23,"column":49}}],"line":23},"4":{"loc":{"start":{"line":31,"column":4},"end":{"line":35,"column":5}},"type":"if","locations":[{"start":{"line":31,"column":4},"end":{"line":35,"column":5}},{"start":{"line":33,"column":11},"end":{"line":35,"column":5}}],"line":31},"5":{"loc":{"start":{"line":33,"column":11},"end":{"line":35,"column":5}},"type":"if","locations":[{"start":{"line":33,"column":11},"end":{"line":35,"column":5}},{"start":{},"end":{}}],"line":33},"6":{"loc":{"start":{"line":40,"column":4},"end":{"line":66,"column":5}},"type":"if","locations":[{"start":{"line":40,"column":4},"end":{"line":66,"column":5}},{"start":{"line":53,"column":11},"end":{"line":66,"column":5}}],"line":40},"7":{"loc":{"start":{"line":44,"column":6},"end":{"line":52,"column":7}},"type":"if","locations":[{"start":{"line":44,"column":6},"end":{"line":52,"column":7}},{"start":{"line":46,"column":13},"end":{"line":52,"column":7}}],"line":44},"8":{"loc":{"start":{"line":46,"column":13},"end":{"line":52,"column":7}},"type":"if","locations":[{"start":{"line":46,"column":13},"end":{"line":52,"column":7}},{"start":{"line":48,"column":13},"end":{"line":52,"column":7}}],"line":46},"9":{"loc":{"start":{"line":48,"column":13},"end":{"line":52,"column":7}},"type":"if","locations":[{"start":{"line":48,"column":13},"end":{"line":52,"column":7}},{"start":{"line":50,"column":13},"end":{"line":52,"column":7}}],"line":48},"10":{"loc":{"start":{"line":50,"column":13},"end":{"line":52,"column":7}},"type":"if","locations":[{"start":{"line":50,"column":13},"end":{"line":52,"column":7}},{"start":{},"end":{}}],"line":50},"11":{"loc":{"start":{"line":53,"column":11},"end":{"line":66,"column":5}},"type":"if","locations":[{"start":{"line":53,"column":11},"end":{"line":66,"column":5}},{"start":{},"end":{}}],"line":53},"12":{"loc":{"start":{"line":57,"column":6},"end":{"line":65,"column":7}},"type":"if","locations":[{"start":{"line":57,"column":6},"end":{"line":65,"column":7}},{"start":{"line":59,"column":13},"end":{"line":65,"column":7}}],"line":57},"13":{"loc":{"start":{"line":59,"column":13},"end":{"line":65,"column":7}},"type":"if","locations":[{"start":{"line":59,"column":13},"end":{"line":65,"column":7}},{"start":{"line":61,"column":13},"end":{"line":65,"column":7}}],"line":59},"14":{"loc":{"start":{"line":61,"column":13},"end":{"line":65,"column":7}},"type":"if","locations":[{"start":{"line":61,"column":13},"end":{"line":65,"column":7}},{"start":{"line":63,"column":13},"end":{"line":65,"column":7}}],"line":61},"15":{"loc":{"start":{"line":63,"column":13},"end":{"line":65,"column":7}},"type":"if","locations":[{"start":{"line":63,"column":13},"end":{"line":65,"column":7}},{"start":{},"end":{}}],"line":63},"16":{"loc":{"start":{"line":69,"column":4},"end":{"line":72,"column":5}},"type":"if","locations":[{"start":{"line":69,"column":4},"end":{"line":72,"column":5}},{"start":{},"end":{}}],"line":69},"17":{"loc":{"start":{"line":78,"column":6},"end":{"line":80,"column":7}},"type":"if","locations":[{"start":{"line":78,"column":6},"end":{"line":80,"column":7}},{"start":{},"end":{}}],"line":78}},"s":{"0":1,"1":9,"2":9,"3":9,"4":9,"5":9,"6":3,"7":3,"8":3,"9":20,"10":20,"11":14,"12":6,"13":6,"14":10,"15":10,"16":5,"17":5,"18":3,"19":10,"20":16,"21":13,"22":13,"23":13,"24":5,"25":8,"26":2,"27":6,"28":0,"29":6,"30":6,"31":3,"32":3,"33":3,"34":3,"35":0,"36":3,"37":1,"38":2,"39":0,"40":2,"41":2,"42":16,"43":16,"44":2,"45":2,"46":14,"47":16,"48":16,"49":48,"50":2,"51":14},"f":{"0":9,"1":3,"2":3,"3":10,"4":16,"5":16},"b":{"0":[14,6],"1":[20,8],"2":[6,0],"3":[6,2],"4":[5,5],"5":[3,2],"6":[13,3],"7":[5,8],"8":[2,6],"9":[0,6],"10":[6,0],"11":[3,0],"12":[0,3],"13":[1,2],"14":[0,2],"15":[2,0],"16":[2,14],"17":[2,46]},"_coverageSchema":"1a1c01bbd47fc00a2c39e90264f33305004495a9","hash":"50f33671f289ce085191e5dbb0683ee90c839924"}
}
