TN:
SF:src\rover.js
FN:2,(anonymous_0)
FN:14,(anonymous_1)
FN:18,(anonymous_2)
FN:29,(anonymous_3)
FN:39,(anonymous_4)
FN:76,(anonymous_5)
FNF:6
FNH:6
FNDA:9,(anonymous_0)
FNDA:3,(anonymous_1)
FNDA:3,(anonymous_2)
FNDA:10,(anonymous_3)
FNDA:16,(anonymous_4)
FNDA:16,(anonymous_5)
DA:1,1
DA:3,9
DA:4,9
DA:9,9
DA:10,9
DA:11,9
DA:15,3
DA:19,3
DA:20,20
DA:21,20
DA:22,14
DA:23,6
DA:24,6
DA:30,10
DA:31,10
DA:32,5
DA:33,5
DA:34,3
DA:36,10
DA:40,16
DA:42,13
DA:43,13
DA:44,13
DA:45,5
DA:46,8
DA:47,2
DA:48,6
DA:49,0
DA:50,6
DA:51,6
DA:53,3
DA:55,3
DA:56,3
DA:57,3
DA:58,0
DA:59,3
DA:60,1
DA:61,2
DA:62,0
DA:63,2
DA:64,2
DA:68,16
DA:69,16
DA:70,2
DA:71,2
DA:73,14
DA:77,16
DA:78,48
DA:79,2
DA:82,14
LF:50
LH:47
BRDA:21,0,0,14
BRDA:21,0,1,6
BRDA:21,1,0,20
BRDA:21,1,1,8
BRDA:23,2,0,6
BRDA:23,2,1,0
BRDA:23,3,0,6
BRDA:23,3,1,2
BRDA:31,4,0,5
BRDA:31,4,1,5
BRDA:33,5,0,3
BRDA:33,5,1,2
BRDA:40,6,0,13
BRDA:40,6,1,3
BRDA:44,7,0,5
BRDA:44,7,1,8
BRDA:46,8,0,2
BRDA:46,8,1,6
BRDA:48,9,0,0
BRDA:48,9,1,6
BRDA:50,10,0,6
BRDA:50,10,1,0
BRDA:53,11,0,3
BRDA:53,11,1,0
BRDA:57,12,0,0
BRDA:57,12,1,3
BRDA:59,13,0,1
BRDA:59,13,1,2
BRDA:61,14,0,0
BRDA:61,14,1,2
BRDA:63,15,0,2
BRDA:63,15,1,0
BRDA:69,16,0,2
BRDA:69,16,1,14
BRDA:78,17,0,2
BRDA:78,17,1,46
BRF:36
BRH:29
end_of_record
