TN:
SF:src\rover.js
FN:2,(anonymous_0)
FN:14,(anonymous_1)
FN:18,(anonymous_2)
FN:32,(anonymous_3)
FN:44,(anonymous_4)
FN:81,(anonymous_5)
FNF:6
FNH:6
FNDA:11,(anonymous_0)
FNDA:5,(anonymous_1)
FNDA:5,(anonymous_2)
FNDA:13,(anonymous_3)
FNDA:22,(anonymous_4)
FNDA:22,(anonymous_5)
DA:1,1
DA:3,11
DA:4,11
DA:9,11
DA:10,11
DA:11,11
DA:15,5
DA:19,5
DA:20,29
DA:21,29
DA:22,20
DA:23,9
DA:24,9
DA:27,5
DA:28,5
DA:29,5
DA:33,13
DA:34,13
DA:36,6
DA:37,7
DA:39,5
DA:41,13
DA:45,22
DA:47,19
DA:48,19
DA:49,19
DA:50,9
DA:51,10
DA:52,4
DA:53,6
DA:54,0
DA:55,6
DA:56,6
DA:58,3
DA:60,3
DA:61,3
DA:62,3
DA:63,0
DA:64,3
DA:65,1
DA:66,2
DA:67,0
DA:68,2
DA:69,2
DA:73,22
DA:74,22
DA:75,3
DA:76,3
DA:78,19
DA:82,22
DA:83,65
DA:84,3
DA:87,19
LF:53
LH:50
BRDA:21,0,0,20
BRDA:21,0,1,9
BRDA:21,1,0,29
BRDA:21,1,1,11
BRDA:23,2,0,9
BRDA:23,2,1,0
BRDA:23,3,0,9
BRDA:23,3,1,4
BRDA:34,4,0,6
BRDA:34,4,1,7
BRDA:37,5,0,5
BRDA:37,5,1,2
BRDA:45,6,0,19
BRDA:45,6,1,3
BRDA:49,7,0,9
BRDA:49,7,1,10
BRDA:51,8,0,4
BRDA:51,8,1,6
BRDA:53,9,0,0
BRDA:53,9,1,6
BRDA:55,10,0,6
BRDA:55,10,1,0
BRDA:58,11,0,3
BRDA:58,11,1,0
BRDA:62,12,0,0
BRDA:62,12,1,3
BRDA:64,13,0,1
BRDA:64,13,1,2
BRDA:66,14,0,0
BRDA:66,14,1,2
BRDA:68,15,0,2
BRDA:68,15,1,0
BRDA:74,16,0,3
BRDA:74,16,1,19
BRDA:83,17,0,3
BRDA:83,17,1,62
BRF:36
BRH:29
end_of_record
